running egg_info
creating ../../build/teleop_bldc/teleop_bldc.egg-info
writing ../../build/teleop_bldc/teleop_bldc.egg-info/PKG-INFO
writing dependency_links to ../../build/teleop_bldc/teleop_bldc.egg-info/dependency_links.txt
writing entry points to ../../build/teleop_bldc/teleop_bldc.egg-info/entry_points.txt
writing requirements to ../../build/teleop_bldc/teleop_bldc.egg-info/requires.txt
writing top-level names to ../../build/teleop_bldc/teleop_bldc.egg-info/top_level.txt
writing manifest file '../../build/teleop_bldc/teleop_bldc.egg-info/SOURCES.txt'
reading manifest file '../../build/teleop_bldc/teleop_bldc.egg-info/SOURCES.txt'
writing manifest file '../../build/teleop_bldc/teleop_bldc.egg-info/SOURCES.txt'
running build
running build_py
creating /home/orangepi/robotank/build/teleop_bldc/build
creating /home/orangepi/robotank/build/teleop_bldc/build/lib
creating /home/orangepi/robotank/build/teleop_bldc/build/lib/teleop_bldc
copying teleop_bldc/motor_controller_node.py -> /home/orangepi/robotank/build/teleop_bldc/build/lib/teleop_bldc
copying teleop_bldc/__init__.py -> /home/orangepi/robotank/build/teleop_bldc/build/lib/teleop_bldc
running install
running install_lib
creating /home/orangepi/robotank/install/teleop_bldc/lib/python3.12/site-packages/teleop_bldc
copying /home/orangepi/robotank/build/teleop_bldc/build/lib/teleop_bldc/motor_controller_node.py -> /home/orangepi/robotank/install/teleop_bldc/lib/python3.12/site-packages/teleop_bldc
copying /home/orangepi/robotank/build/teleop_bldc/build/lib/teleop_bldc/__init__.py -> /home/orangepi/robotank/install/teleop_bldc/lib/python3.12/site-packages/teleop_bldc
byte-compiling /home/orangepi/robotank/install/teleop_bldc/lib/python3.12/site-packages/teleop_bldc/motor_controller_node.py to motor_controller_node.cpython-312.pyc
byte-compiling /home/orangepi/robotank/install/teleop_bldc/lib/python3.12/site-packages/teleop_bldc/__init__.py to __init__.cpython-312.pyc
running install_data
creating /home/orangepi/robotank/install/teleop_bldc/share/ament_index
creating /home/orangepi/robotank/install/teleop_bldc/share/ament_index/resource_index
creating /home/orangepi/robotank/install/teleop_bldc/share/ament_index/resource_index/packages
copying resource/teleop_bldc -> /home/orangepi/robotank/install/teleop_bldc/share/ament_index/resource_index/packages
copying package.xml -> /home/orangepi/robotank/install/teleop_bldc/share/teleop_bldc
running install_egg_info
Copying ../../build/teleop_bldc/teleop_bldc.egg-info to /home/orangepi/robotank/install/teleop_bldc/lib/python3.12/site-packages/teleop_bldc-0.0.0-py3.12.egg-info
running install_scripts
Installing motor_controller script to /home/orangepi/robotank/install/teleop_bldc/lib/teleop_bldc
writing list of installed files to '/home/orangepi/robotank/build/teleop_bldc/install.log'
