[4.234s] Invoking command in '/home/orangepi/robotank/src/teleop_bldc': PYTHONPATH=/home/orangepi/robotank/build/teleop_bldc/prefix_override:/usr/lib/python3/dist-packages/colcon_core/task/python/colcon_distutils_commands:/home/orangepi/robotank/install/teleop_bldc/lib/python3.12/site-packages:${PYTHONPATH} /usr/bin/python3 -W ignore:setup.py install is deprecated -W ignore:easy_install command is deprecated setup.py egg_info --egg-base ../../build/teleop_bldc build --build-base /home/orangepi/robotank/build/teleop_bldc/build install --record /home/orangepi/robotank/build/teleop_bldc/install.log --single-version-externally-managed install_data
[5.489s] running egg_info
[5.490s] creating ../../build/teleop_bldc/teleop_bldc.egg-info
[5.565s] writing ../../build/teleop_bldc/teleop_bldc.egg-info/PKG-INFO
[5.567s] writing dependency_links to ../../build/teleop_bldc/teleop_bldc.egg-info/dependency_links.txt
[5.568s] writing entry points to ../../build/teleop_bldc/teleop_bldc.egg-info/entry_points.txt
[5.570s] writing requirements to ../../build/teleop_bldc/teleop_bldc.egg-info/requires.txt
[5.571s] writing top-level names to ../../build/teleop_bldc/teleop_bldc.egg-info/top_level.txt
[5.572s] writing manifest file '../../build/teleop_bldc/teleop_bldc.egg-info/SOURCES.txt'
[5.729s] reading manifest file '../../build/teleop_bldc/teleop_bldc.egg-info/SOURCES.txt'
[5.734s] writing manifest file '../../build/teleop_bldc/teleop_bldc.egg-info/SOURCES.txt'
[5.735s] running build
[5.737s] running build_py
[5.738s] creating /home/orangepi/robotank/build/teleop_bldc/build
[5.738s] creating /home/orangepi/robotank/build/teleop_bldc/build/lib
[5.739s] creating /home/orangepi/robotank/build/teleop_bldc/build/lib/teleop_bldc
[5.740s] copying teleop_bldc/motor_controller_node.py -> /home/orangepi/robotank/build/teleop_bldc/build/lib/teleop_bldc
[5.741s] copying teleop_bldc/__init__.py -> /home/orangepi/robotank/build/teleop_bldc/build/lib/teleop_bldc
[5.741s] running install
[5.801s] running install_lib
[5.879s] creating /home/orangepi/robotank/install/teleop_bldc/lib/python3.12/site-packages/teleop_bldc
[5.880s] copying /home/orangepi/robotank/build/teleop_bldc/build/lib/teleop_bldc/motor_controller_node.py -> /home/orangepi/robotank/install/teleop_bldc/lib/python3.12/site-packages/teleop_bldc
[5.881s] copying /home/orangepi/robotank/build/teleop_bldc/build/lib/teleop_bldc/__init__.py -> /home/orangepi/robotank/install/teleop_bldc/lib/python3.12/site-packages/teleop_bldc
[5.883s] byte-compiling /home/orangepi/robotank/install/teleop_bldc/lib/python3.12/site-packages/teleop_bldc/motor_controller_node.py to motor_controller_node.cpython-312.pyc
[5.889s] byte-compiling /home/orangepi/robotank/install/teleop_bldc/lib/python3.12/site-packages/teleop_bldc/__init__.py to __init__.cpython-312.pyc
[5.890s] running install_data
[5.891s] creating /home/orangepi/robotank/install/teleop_bldc/share/ament_index
[5.891s] creating /home/orangepi/robotank/install/teleop_bldc/share/ament_index/resource_index
[5.892s] creating /home/orangepi/robotank/install/teleop_bldc/share/ament_index/resource_index/packages
[5.892s] copying resource/teleop_bldc -> /home/orangepi/robotank/install/teleop_bldc/share/ament_index/resource_index/packages
[5.893s] copying package.xml -> /home/orangepi/robotank/install/teleop_bldc/share/teleop_bldc
[5.893s] running install_egg_info
[5.978s] Copying ../../build/teleop_bldc/teleop_bldc.egg-info to /home/orangepi/robotank/install/teleop_bldc/lib/python3.12/site-packages/teleop_bldc-0.0.0-py3.12.egg-info
[5.982s] running install_scripts
[6.520s] Installing motor_controller script to /home/orangepi/robotank/install/teleop_bldc/lib/teleop_bldc
[6.522s] writing list of installed files to '/home/orangepi/robotank/build/teleop_bldc/install.log'
[6.827s] Invoked command in '/home/orangepi/robotank/src/teleop_bldc' returned '0': PYTHONPATH=/home/orangepi/robotank/build/teleop_bldc/prefix_override:/usr/lib/python3/dist-packages/colcon_core/task/python/colcon_distutils_commands:/home/orangepi/robotank/install/teleop_bldc/lib/python3.12/site-packages:${PYTHONPATH} /usr/bin/python3 -W ignore:setup.py install is deprecated -W ignore:easy_install command is deprecated setup.py egg_info --egg-base ../../build/teleop_bldc build --build-base /home/orangepi/robotank/build/teleop_bldc/build install --record /home/orangepi/robotank/build/teleop_bldc/install.log --single-version-externally-managed install_data
