[0.561s] DEBUG:colcon:Command line arguments: ['/usr/bin/colcon', 'build']
[0.562s] DEBUG:colcon:Parsed command line arguments: Namespace(log_base=None, log_level=None, verb_name='build', build_base='build', install_base='install', merge_install=False, symlink_install=False, test_result_base=None, continue_on_error=False, executor='parallel', parallel_workers=4, event_handlers=None, ignore_user_meta=False, metas=['./colcon.meta'], base_paths=['.'], packages_ignore=None, packages_ignore_regex=None, paths=None, packages_up_to=None, packages_up_to_regex=None, packages_above=None, packages_above_and_dependencies=None, packages_above_depth=None, packages_select_by_dep=None, packages_skip_by_dep=None, packages_skip_up_to=None, packages_select_build_failed=False, packages_skip_build_finished=False, packages_select_test_failures=False, packages_skip_test_passed=False, packages_select=None, packages_skip=None, packages_select_regex=None, packages_skip_regex=None, packages_start=None, packages_end=None, cmake_args=None, cmake_target=None, cmake_target_skip_unavailable=False, cmake_clean_cache=False, cmake_clean_first=False, cmake_force_configure=False, ament_cmake_args=None, catkin_cmake_args=None, catkin_skip_building_tests=False, verb_parser=<colcon_defaults.argument_parser.defaults.DefaultArgumentsDecorator object at 0xffff8ead69f0>, verb_extension=<colcon_core.verb.build.BuildVerb object at 0xffff8ead6840>, main=<bound method BuildVerb.main of <colcon_core.verb.build.BuildVerb object at 0xffff8ead6840>>)
[0.897s] Level 1:colcon.colcon_core.package_discovery:discover_packages(colcon_meta) check parameters
[0.898s] Level 1:colcon.colcon_core.package_discovery:discover_packages(recursive) check parameters
[0.898s] Level 1:colcon.colcon_core.package_discovery:discover_packages(ignore) check parameters
[0.898s] Level 1:colcon.colcon_core.package_discovery:discover_packages(path) check parameters
[0.898s] Level 1:colcon.colcon_core.package_discovery:discover_packages(colcon_meta) discover
[0.898s] Level 1:colcon.colcon_core.package_discovery:discover_packages(recursive) discover
[0.899s] INFO:colcon.colcon_core.package_discovery:Crawling recursively for packages in '/home/orangepi/robotank'
[0.899s] Level 1:colcon.colcon_core.package_identification:_identify(.) by extensions ['ignore', 'ignore_ament_install']
[0.900s] Level 1:colcon.colcon_core.package_identification:_identify(.) by extension 'ignore'
[0.900s] Level 1:colcon.colcon_core.package_identification:_identify(.) by extension 'ignore_ament_install'
[0.900s] Level 1:colcon.colcon_core.package_identification:_identify(.) by extensions ['colcon_pkg']
[0.900s] Level 1:colcon.colcon_core.package_identification:_identify(.) by extension 'colcon_pkg'
[0.901s] Level 1:colcon.colcon_core.package_identification:_identify(.) by extensions ['colcon_meta']
[0.901s] Level 1:colcon.colcon_core.package_identification:_identify(.) by extension 'colcon_meta'
[0.901s] Level 1:colcon.colcon_core.package_identification:_identify(.) by extensions ['ros']
[0.901s] Level 1:colcon.colcon_core.package_identification:_identify(.) by extension 'ros'
[1.112s] Level 1:colcon.colcon_core.package_identification:_identify(.) by extensions ['cmake', 'python']
[1.112s] Level 1:colcon.colcon_core.package_identification:_identify(.) by extension 'cmake'
[1.112s] Level 1:colcon.colcon_core.package_identification:_identify(.) by extension 'python'
[1.113s] Level 1:colcon.colcon_core.package_identification:_identify(.) by extensions ['python_setup_py']
[1.113s] Level 1:colcon.colcon_core.package_identification:_identify(.) by extension 'python_setup_py'
[1.113s] Level 1:colcon.colcon_core.package_identification:_identify(build) by extensions ['ignore', 'ignore_ament_install']
[1.114s] Level 1:colcon.colcon_core.package_identification:_identify(build) by extension 'ignore'
[1.114s] Level 1:colcon.colcon_core.package_identification:_identify(build) ignored
[1.114s] Level 1:colcon.colcon_core.package_identification:_identify(install) by extensions ['ignore', 'ignore_ament_install']
[1.115s] Level 1:colcon.colcon_core.package_identification:_identify(install) by extension 'ignore'
[1.115s] Level 1:colcon.colcon_core.package_identification:_identify(install) ignored
[1.115s] Level 1:colcon.colcon_core.package_identification:_identify(log) by extensions ['ignore', 'ignore_ament_install']
[1.116s] Level 1:colcon.colcon_core.package_identification:_identify(log) by extension 'ignore'
[1.116s] Level 1:colcon.colcon_core.package_identification:_identify(log) ignored
[1.116s] Level 1:colcon.colcon_core.package_identification:_identify(src) by extensions ['ignore', 'ignore_ament_install']
[1.117s] Level 1:colcon.colcon_core.package_identification:_identify(src) by extension 'ignore'
[1.117s] Level 1:colcon.colcon_core.package_identification:_identify(src) by extension 'ignore_ament_install'
[1.117s] Level 1:colcon.colcon_core.package_identification:_identify(src) by extensions ['colcon_pkg']
[1.117s] Level 1:colcon.colcon_core.package_identification:_identify(src) by extension 'colcon_pkg'
[1.118s] Level 1:colcon.colcon_core.package_identification:_identify(src) by extensions ['colcon_meta']
[1.118s] Level 1:colcon.colcon_core.package_identification:_identify(src) by extension 'colcon_meta'
[1.118s] Level 1:colcon.colcon_core.package_identification:_identify(src) by extensions ['ros']
[1.118s] Level 1:colcon.colcon_core.package_identification:_identify(src) by extension 'ros'
[1.119s] Level 1:colcon.colcon_core.package_identification:_identify(src) by extensions ['cmake', 'python']
[1.119s] Level 1:colcon.colcon_core.package_identification:_identify(src) by extension 'cmake'
[1.119s] Level 1:colcon.colcon_core.package_identification:_identify(src) by extension 'python'
[1.119s] Level 1:colcon.colcon_core.package_identification:_identify(src) by extensions ['python_setup_py']
[1.119s] Level 1:colcon.colcon_core.package_identification:_identify(src) by extension 'python_setup_py'
[1.120s] Level 1:colcon.colcon_core.package_identification:_identify(src/teleop_bldc) by extensions ['ignore', 'ignore_ament_install']
[1.120s] Level 1:colcon.colcon_core.package_identification:_identify(src/teleop_bldc) by extension 'ignore'
[1.121s] Level 1:colcon.colcon_core.package_identification:_identify(src/teleop_bldc) by extension 'ignore_ament_install'
[1.121s] Level 1:colcon.colcon_core.package_identification:_identify(src/teleop_bldc) by extensions ['colcon_pkg']
[1.121s] Level 1:colcon.colcon_core.package_identification:_identify(src/teleop_bldc) by extension 'colcon_pkg'
[1.121s] Level 1:colcon.colcon_core.package_identification:_identify(src/teleop_bldc) by extensions ['colcon_meta']
[1.121s] Level 1:colcon.colcon_core.package_identification:_identify(src/teleop_bldc) by extension 'colcon_meta'
[1.122s] Level 1:colcon.colcon_core.package_identification:_identify(src/teleop_bldc) by extensions ['ros']
[1.122s] Level 1:colcon.colcon_core.package_identification:_identify(src/teleop_bldc) by extension 'ros'
[1.140s] DEBUG:colcon.colcon_core.package_identification:Package 'src/teleop_bldc' with type 'ros.ament_python' and name 'teleop_bldc'
[1.140s] Level 1:colcon.colcon_core.package_discovery:discover_packages(recursive) using defaults
[1.141s] Level 1:colcon.colcon_core.package_discovery:discover_packages(ignore) discover
[1.141s] Level 1:colcon.colcon_core.package_discovery:discover_packages(ignore) using defaults
[1.141s] Level 1:colcon.colcon_core.package_discovery:discover_packages(path) discover
[1.141s] Level 1:colcon.colcon_core.package_discovery:discover_packages(path) using defaults
[1.257s] Level 5:colcon.colcon_core.verb:set package 'teleop_bldc' build argument 'cmake_args' from command line to 'None'
[1.257s] Level 5:colcon.colcon_core.verb:set package 'teleop_bldc' build argument 'cmake_target' from command line to 'None'
[1.257s] Level 5:colcon.colcon_core.verb:set package 'teleop_bldc' build argument 'cmake_target_skip_unavailable' from command line to 'False'
[1.257s] Level 5:colcon.colcon_core.verb:set package 'teleop_bldc' build argument 'cmake_clean_cache' from command line to 'False'
[1.257s] Level 5:colcon.colcon_core.verb:set package 'teleop_bldc' build argument 'cmake_clean_first' from command line to 'False'
[1.258s] Level 5:colcon.colcon_core.verb:set package 'teleop_bldc' build argument 'cmake_force_configure' from command line to 'False'
[1.258s] Level 5:colcon.colcon_core.verb:set package 'teleop_bldc' build argument 'ament_cmake_args' from command line to 'None'
[1.258s] Level 5:colcon.colcon_core.verb:set package 'teleop_bldc' build argument 'catkin_cmake_args' from command line to 'None'
[1.258s] Level 5:colcon.colcon_core.verb:set package 'teleop_bldc' build argument 'catkin_skip_building_tests' from command line to 'False'
[1.258s] DEBUG:colcon.colcon_core.verb:Building package 'teleop_bldc' with the following arguments: {'ament_cmake_args': None, 'build_base': '/home/orangepi/robotank/build/teleop_bldc', 'catkin_cmake_args': None, 'catkin_skip_building_tests': False, 'cmake_args': None, 'cmake_clean_cache': False, 'cmake_clean_first': False, 'cmake_force_configure': False, 'cmake_target': None, 'cmake_target_skip_unavailable': False, 'install_base': '/home/orangepi/robotank/install/teleop_bldc', 'merge_install': False, 'path': '/home/orangepi/robotank/src/teleop_bldc', 'symlink_install': False, 'test_result_base': None}
[1.259s] INFO:colcon.colcon_core.executor:Executing jobs using 'parallel' executor
[1.263s] DEBUG:colcon.colcon_parallel_executor.executor.parallel:run_until_complete
[1.264s] INFO:colcon.colcon_ros.task.ament_python.build:Building ROS package in '/home/orangepi/robotank/src/teleop_bldc' with build type 'ament_python'
[1.265s] Level 1:colcon.colcon_core.shell:create_environment_hook('teleop_bldc', 'ament_prefix_path')
[1.276s] INFO:colcon.colcon_core.plugin_system:Skipping extension 'colcon_core.shell.bat': Not used on non-Windows systems
[1.278s] INFO:colcon.colcon_core.shell:Creating environment hook '/home/orangepi/robotank/install/teleop_bldc/share/teleop_bldc/hook/ament_prefix_path.ps1'
[1.282s] INFO:colcon.colcon_core.shell:Creating environment descriptor '/home/orangepi/robotank/install/teleop_bldc/share/teleop_bldc/hook/ament_prefix_path.dsv'
[1.284s] INFO:colcon.colcon_core.shell:Creating environment hook '/home/orangepi/robotank/install/teleop_bldc/share/teleop_bldc/hook/ament_prefix_path.sh'
[1.288s] INFO:colcon.colcon_core.shell:Skip shell extension 'powershell' for command environment: Not usable outside of PowerShell
[1.288s] DEBUG:colcon.colcon_core.shell:Skip shell extension 'dsv' for command environment
[2.525s] INFO:colcon.colcon_core.task.python.build:Building Python package in '/home/orangepi/robotank/src/teleop_bldc'
[2.527s] INFO:colcon.colcon_core.shell:Skip shell extension 'powershell' for command environment: Not usable outside of PowerShell
[2.527s] DEBUG:colcon.colcon_core.shell:Skip shell extension 'dsv' for command environment
[5.500s] DEBUG:colcon.colcon_core.event_handler.log_command:Invoking command in '/home/orangepi/robotank/src/teleop_bldc': PYTHONPATH=/home/orangepi/robotank/build/teleop_bldc/prefix_override:/usr/lib/python3/dist-packages/colcon_core/task/python/colcon_distutils_commands:/home/orangepi/robotank/install/teleop_bldc/lib/python3.12/site-packages:${PYTHONPATH} /usr/bin/python3 -W ignore:setup.py install is deprecated -W ignore:easy_install command is deprecated setup.py egg_info --egg-base ../../build/teleop_bldc build --build-base /home/orangepi/robotank/build/teleop_bldc/build install --record /home/orangepi/robotank/build/teleop_bldc/install.log --single-version-externally-managed install_data
[8.093s] DEBUG:colcon.colcon_core.event_handler.log_command:Invoked command in '/home/orangepi/robotank/src/teleop_bldc' returned '0': PYTHONPATH=/home/orangepi/robotank/build/teleop_bldc/prefix_override:/usr/lib/python3/dist-packages/colcon_core/task/python/colcon_distutils_commands:/home/orangepi/robotank/install/teleop_bldc/lib/python3.12/site-packages:${PYTHONPATH} /usr/bin/python3 -W ignore:setup.py install is deprecated -W ignore:easy_install command is deprecated setup.py egg_info --egg-base ../../build/teleop_bldc build --build-base /home/orangepi/robotank/build/teleop_bldc/build install --record /home/orangepi/robotank/build/teleop_bldc/install.log --single-version-externally-managed install_data
[8.103s] Level 1:colcon.colcon_core.environment:checking '/home/orangepi/robotank/install/teleop_bldc' for CMake module files
[8.106s] Level 1:colcon.colcon_core.environment:checking '/home/orangepi/robotank/install/teleop_bldc' for CMake config files
[8.109s] Level 1:colcon.colcon_core.environment:checking '/home/orangepi/robotank/install/teleop_bldc/lib'
[8.109s] Level 1:colcon.colcon_core.environment:checking '/home/orangepi/robotank/install/teleop_bldc/bin'
[8.110s] Level 1:colcon.colcon_core.environment:checking '/home/orangepi/robotank/install/teleop_bldc/lib/pkgconfig/teleop_bldc.pc'
[8.111s] Level 1:colcon.colcon_core.environment:checking '/home/orangepi/robotank/install/teleop_bldc/lib/python3.12/site-packages'
[8.112s] Level 1:colcon.colcon_core.shell:create_environment_hook('teleop_bldc', 'pythonpath')
[8.113s] INFO:colcon.colcon_core.shell:Creating environment hook '/home/orangepi/robotank/install/teleop_bldc/share/teleop_bldc/hook/pythonpath.ps1'
[8.115s] INFO:colcon.colcon_core.shell:Creating environment descriptor '/home/orangepi/robotank/install/teleop_bldc/share/teleop_bldc/hook/pythonpath.dsv'
[8.117s] INFO:colcon.colcon_core.shell:Creating environment hook '/home/orangepi/robotank/install/teleop_bldc/share/teleop_bldc/hook/pythonpath.sh'
[8.120s] Level 1:colcon.colcon_core.environment:checking '/home/orangepi/robotank/install/teleop_bldc/bin'
[8.121s] Level 1:colcon.colcon_core.environment:create_environment_scripts_only(teleop_bldc)
[8.122s] INFO:colcon.colcon_core.shell:Creating package script '/home/orangepi/robotank/install/teleop_bldc/share/teleop_bldc/package.ps1'
[8.127s] INFO:colcon.colcon_core.shell:Creating package descriptor '/home/orangepi/robotank/install/teleop_bldc/share/teleop_bldc/package.dsv'
[8.131s] INFO:colcon.colcon_core.shell:Creating package script '/home/orangepi/robotank/install/teleop_bldc/share/teleop_bldc/package.sh'
[8.136s] INFO:colcon.colcon_core.shell:Creating package script '/home/orangepi/robotank/install/teleop_bldc/share/teleop_bldc/package.bash'
[8.140s] INFO:colcon.colcon_core.shell:Creating package script '/home/orangepi/robotank/install/teleop_bldc/share/teleop_bldc/package.zsh'
[8.150s] Level 1:colcon.colcon_core.environment:create_file_with_runtime_dependencies(/home/orangepi/robotank/install/teleop_bldc/share/colcon-core/packages/teleop_bldc)
[8.151s] DEBUG:colcon.colcon_parallel_executor.executor.parallel:closing loop
[8.153s] DEBUG:colcon.colcon_parallel_executor.executor.parallel:loop closed
[8.154s] DEBUG:colcon.colcon_parallel_executor.executor.parallel:run_until_complete finished with '0'
[8.154s] DEBUG:colcon.colcon_core.event_reactor:joining thread
[8.179s] INFO:colcon.colcon_core.plugin_system:Skipping extension 'colcon_notification.desktop_notification.notify_send': Could not find 'notify-send'
[8.180s] INFO:colcon.colcon_core.plugin_system:Skipping extension 'colcon_notification.desktop_notification.terminal_notifier': Not used on non-Darwin systems
[8.181s] INFO:colcon.colcon_core.plugin_system:Skipping extension 'colcon_notification.desktop_notification.win32': Not used on non-Windows systems
[8.181s] INFO:colcon.colcon_notification.desktop_notification:Sending desktop notification using 'notify2'
[8.184s] DEBUG:colcon.colcon_notification.desktop_notification.notify2:Failed to initialize notify2: org.freedesktop.DBus.Error.ServiceUnknown: The name org.freedesktop.Notifications was not provided by any .service files
[8.185s] DEBUG:colcon.colcon_core.event_reactor:joined thread
[8.186s] INFO:colcon.colcon_core.shell:Creating prefix script '/home/orangepi/robotank/install/local_setup.ps1'
[8.191s] INFO:colcon.colcon_core.shell:Creating prefix util module '/home/orangepi/robotank/install/_local_setup_util_ps1.py'
[8.198s] INFO:colcon.colcon_core.shell:Creating prefix chain script '/home/orangepi/robotank/install/setup.ps1'
[8.202s] INFO:colcon.colcon_core.shell:Creating prefix script '/home/orangepi/robotank/install/local_setup.sh'
[8.205s] INFO:colcon.colcon_core.shell:Creating prefix util module '/home/orangepi/robotank/install/_local_setup_util_sh.py'
[8.208s] INFO:colcon.colcon_core.shell:Creating prefix chain script '/home/orangepi/robotank/install/setup.sh'
[8.213s] INFO:colcon.colcon_core.shell:Creating prefix script '/home/orangepi/robotank/install/local_setup.bash'
[8.215s] INFO:colcon.colcon_core.shell:Creating prefix chain script '/home/orangepi/robotank/install/setup.bash'
[8.219s] INFO:colcon.colcon_core.shell:Creating prefix script '/home/orangepi/robotank/install/local_setup.zsh'
[8.222s] INFO:colcon.colcon_core.shell:Creating prefix chain script '/home/orangepi/robotank/install/setup.zsh'
